<?xml version="1.0" encoding="UTF-8"?>
<testng-results skipped="0" failed="0" ignored="0" total="1" passed="1">
  <reporter-output>
  </reporter-output>
  <suite name="Default suite" duration-ms="7633" started-at="2019-12-27T11:08:29Z" finished-at="2019-12-27T11:08:36Z">
    <groups>
    </groups>
    <test name="Default test" duration-ms="7633" started-at="2019-12-27T11:08:29Z" finished-at="2019-12-27T11:08:36Z">
      <class name="Alert.NewTest">
        <test-method status="PASS" signature="beforeTest()[pri:0, instance:Alert.NewTest@3a82f6ef]" name="beforeTest" is-config="true" duration-ms="3629" started-at="2019-12-27T16:38:29Z" finished-at="2019-12-27T16:38:32Z">
          <reporter-output>
          </reporter-output>
        </test-method> <!-- beforeTest -->
        <test-method status="PASS" signature="beforeClass()[pri:0, instance:Alert.NewTest@3a82f6ef]" name="beforeClass" is-config="true" duration-ms="0" started-at="2019-12-27T16:38:32Z" finished-at="2019-12-27T16:38:32Z">
          <reporter-output>
          </reporter-output>
        </test-method> <!-- beforeClass -->
        <test-method status="PASS" signature="beforeMethod()[pri:0, instance:Alert.NewTest@3a82f6ef]" name="beforeMethod" is-config="true" duration-ms="797" started-at="2019-12-27T16:38:32Z" finished-at="2019-12-27T16:38:33Z">
          <reporter-output>
          </reporter-output>
        </test-method> <!-- beforeMethod -->
        <test-method status="PASS" signature="Alertmsg()[pri:0, instance:Alert.NewTest@3a82f6ef]" name="Alertmsg" duration-ms="3175" started-at="2019-12-27T16:38:33Z" finished-at="2019-12-27T16:38:36Z">
          <reporter-output>
          </reporter-output>
        </test-method> <!-- Alertmsg -->
        <test-method status="PASS" signature="afterClass()[pri:0, instance:Alert.NewTest@3a82f6ef]" name="afterClass" is-config="true" duration-ms="0" started-at="2019-12-27T16:38:36Z" finished-at="2019-12-27T16:38:36Z">
          <reporter-output>
          </reporter-output>
        </test-method> <!-- afterClass -->
        <test-method status="PASS" signature="afterMethod()[pri:0, instance:Alert.NewTest@3a82f6ef]" name="afterMethod" is-config="true" duration-ms="0" started-at="2019-12-27T16:38:36Z" finished-at="2019-12-27T16:38:36Z">
          <reporter-output>
          </reporter-output>
        </test-method> <!-- afterMethod -->
        <test-method status="PASS" signature="afterTest()[pri:0, instance:Alert.NewTest@3a82f6ef]" name="afterTest" is-config="true" duration-ms="0" started-at="2019-12-27T16:38:36Z" finished-at="2019-12-27T16:38:36Z">
          <reporter-output>
          </reporter-output>
        </test-method> <!-- afterTest -->
      </class> <!-- Alert.NewTest -->
    </test> <!-- Default test -->
  </suite> <!-- Default suite -->
</testng-results>
